# JRE version: OpenJDK Runtime Environment (8.0_222-b10) (build 1.8.0_222-8u222-b10-1ubuntu1~19.04.1-b10)
# Java VM: OpenJDK 64-Bit Server VM (25.222-b10 mixed mode linux-amd64 compressed oops)
Heap:
 PSYoungGen      total 508928K, used 0K [0x0000000783000000, 0x00000007c0000000, 0x00000007c0000000)
  eden space 333824K, 0% used [0x0000000783000000,0x0000000783000000,0x0000000797600000)
  from space 175104K, 0% used [0x00000007b5500000,0x00000007b5500000,0x00000007c0000000)
  to   space 332800K, 0% used [0x0000000797600000,0x0000000797600000,0x00000007abb00000)
 ParOldGen       total 1377280K, used 1330109K [0x0000000709000000, 0x000000075d100000, 0x0000000783000000)
  object space 1377280K, 96% used [0x0000000709000000,0x000000075a2ef590,0x000000075d100000)
 Metaspace       used 89161K, capacity 90226K, committed 90368K, reserved 1126400K
  class space    used 12710K, capacity 12959K, committed 13056K, reserved 1048576K
GC Heap History (10 events):
Event: 115.977 GC heap after
Heap after GC invocations=78 (full 5):
 PSYoungGen      total 935424K, used 21985K [0x0000000783000000, 0x00000007c0000000, 0x00000007c0000000)
  eden space 913408K, 0% used [0x0000000783000000,0x0000000783000000,0x00000007bac00000)
  from space 22016K, 99% used [0x00000007bac00000,0x00000007bc178458,0x00000007bc180000)
  to   space 51200K, 0% used [0x00000007bce00000,0x00000007bce00000,0x00000007c0000000)
 ParOldGen       total 939008K, used 558398K [0x0000000709000000, 0x0000000742500000, 0x0000000783000000)
  object space 939008K, 59% used [0x0000000709000000,0x000000072b14fa20,0x0000000742500000)
 Metaspace       used 89041K, capacity 90046K, committed 90368K, reserved 1126400K
  class space    used 12709K, capacity 12961K, committed 13056K, reserved 1048576K
}
Event: 120.788 GC heap before
{Heap before GC invocations=79 (full 5):
 PSYoungGen      total 935424K, used 935393K [0x0000000783000000, 0x00000007c0000000, 0x00000007c0000000)
  eden space 913408K, 100% used [0x0000000783000000,0x00000007bac00000,0x00000007bac00000)
  from space 22016K, 99% used [0x00000007bac00000,0x00000007bc178458,0x00000007bc180000)
  to   space 51200K, 0% used [0x00000007bce00000,0x00000007bce00000,0x00000007c0000000)
 ParOldGen       total 939008K, used 558398K [0x0000000709000000, 0x0000000742500000, 0x0000000783000000)
  object space 939008K, 59% used [0x0000000709000000,0x000000072b14fa20,0x0000000742500000)
 Metaspace       used 89045K, capacity 90046K, committed 90368K, reserved 1126400K
  class space    used 12709K, capacity 12961K, committed 13056K, reserved 1048576K
Event: 129.621 GC heap after
Heap after GC invocations=79 (full 5):
 PSYoungGen      total 700416K, used 51190K [0x0000000783000000, 0x00000007c0000000, 0x00000007c0000000)
  eden space 649216K, 0% used [0x0000000783000000,0x0000000783000000,0x00000007aaa00000)
  from space 51200K, 99% used [0x00000007bce00000,0x00000007bfffd8c8,0x00000007c0000000)
  to   space 175104K, 0% used [0x00000007aaa00000,0x00000007aaa00000,0x00000007b5500000)
 ParOldGen       total 939008K, used 864933K [0x0000000709000000, 0x0000000742500000, 0x0000000783000000)
  object space 939008K, 92% used [0x0000000709000000,0x000000073dca97b8,0x0000000742500000)
 Metaspace       used 89045K, capacity 90046K, committed 90368K, reserved 1126400K
  class space    used 12709K, capacity 12961K, committed 13056K, reserved 1048576K
}
Event: 129.621 GC heap before
{Heap before GC invocations=80 (full 6):
 PSYoungGen      total 700416K, used 51190K [0x0000000783000000, 0x00000007c0000000, 0x00000007c0000000)
  eden space 649216K, 0% used [0x0000000783000000,0x0000000783000000,0x00000007aaa00000)
  from space 51200K, 99% used [0x00000007bce00000,0x00000007bfffd8c8,0x00000007c0000000)
  to   space 175104K, 0% used [0x00000007aaa00000,0x00000007aaa00000,0x00000007b5500000)
 ParOldGen       total 939008K, used 864933K [0x0000000709000000, 0x0000000742500000, 0x0000000783000000)
  object space 939008K, 92% used [0x0000000709000000,0x000000073dca97b8,0x0000000742500000)
 Metaspace       used 89045K, capacity 90046K, committed 90368K, reserved 1126400K
  class space    used 12709K, capacity 12961K, committed 13056K, reserved 1048576K
Event: 135.438 GC heap after
Heap after GC invocations=80 (full 6):
 PSYoungGen      total 700416K, used 0K [0x0000000783000000, 0x00000007c0000000, 0x00000007c0000000)
  eden space 649216K, 0% used [0x0000000783000000,0x0000000783000000,0x00000007aaa00000)
  from space 51200K, 0% used [0x00000007bce00000,0x00000007bce00000,0x00000007c0000000)
  to   space 175104K, 0% used [0x00000007aaa00000,0x00000007aaa00000,0x00000007b5500000)
 ParOldGen       total 1377280K, used 904336K [0x0000000709000000, 0x000000075d100000, 0x0000000783000000)
  object space 1377280K, 65% used [0x0000000709000000,0x00000007403241e0,0x000000075d100000)
 Metaspace       used 89037K, capacity 90034K, committed 90368K, reserved 1126400K
  class space    used 12708K, capacity 12959K, committed 13056K, reserved 1048576K
}
Event: 159.559 GC heap before
{Heap before GC invocations=81 (full 6):
 PSYoungGen      total 700416K, used 649216K [0x0000000783000000, 0x00000007c0000000, 0x00000007c0000000)
  eden space 649216K, 100% used [0x0000000783000000,0x00000007aaa00000,0x00000007aaa00000)
  from space 51200K, 0% used [0x00000007bce00000,0x00000007bce00000,0x00000007c0000000)
  to   space 175104K, 0% used [0x00000007aaa00000,0x00000007aaa00000,0x00000007b5500000)
 ParOldGen       total 1377280K, used 904336K [0x0000000709000000, 0x000000075d100000, 0x0000000783000000)
  object space 1377280K, 65% used [0x0000000709000000,0x00000007403241e0,0x000000075d100000)
 Metaspace       used 89148K, capacity 90226K, committed 90368K, reserved 1126400K
  class space    used 12710K, capacity 12959K, committed 13056K, reserved 1048576K
Event: 192.796 GC heap after
Heap after GC invocations=81 (full 6):
 PSYoungGen      total 824320K, used 175103K [0x0000000783000000, 0x00000007c0000000, 0x00000007c0000000)
  eden space 649216K, 0% used [0x0000000783000000,0x0000000783000000,0x00000007aaa00000)
  from space 175104K, 99% used [0x00000007aaa00000,0x00000007b54ffe78,0x00000007b5500000)
  to   space 175104K, 0% used [0x00000007b5500000,0x00000007b5500000,0x00000007c0000000)
 ParOldGen       total 1377280K, used 1021960K [0x0000000709000000, 0x000000075d100000, 0x0000000783000000)
  object space 1377280K, 74% used [0x0000000709000000,0x00000007476021e0,0x000000075d100000)
 Metaspace       used 89148K, capacity 90226K, committed 90368K, reserved 1126400K
  class space    used 12710K, capacity 12959K, committed 13056K, reserved 1048576K
}
Event: 194.538 GC heap before
{Heap before GC invocations=82 (full 6):
 PSYoungGen      total 824320K, used 824319K [0x0000000783000000, 0x00000007c0000000, 0x00000007c0000000)
  eden space 649216K, 100% used [0x0000000783000000,0x00000007aaa00000,0x00000007aaa00000)
  from space 175104K, 99% used [0x00000007aaa00000,0x00000007b54ffe78,0x00000007b5500000)
  to   space 175104K, 0% used [0x00000007b5500000,0x00000007b5500000,0x00000007c0000000)
 ParOldGen       total 1377280K, used 1021960K [0x0000000709000000, 0x000000075d100000, 0x0000000783000000)
  object space 1377280K, 74% used [0x0000000709000000,0x00000007476021e0,0x000000075d100000)
 Metaspace       used 89161K, capacity 90226K, committed 90368K, reserved 1126400K
  class space    used 12710K, capacity 12959K, committed 13056K, reserved 1048576K
Event: 234.553 GC heap after
Heap after GC invocations=82 (full 6):
 PSYoungGen      total 508928K, used 175099K [0x0000000783000000, 0x00000007c0000000, 0x00000007c0000000)
  eden space 333824K, 0% used [0x0000000783000000,0x0000000783000000,0x0000000797600000)
  from space 175104K, 99% used [0x00000007b5500000,0x00000007bfffefa0,0x00000007c0000000)
  to   space 332800K, 0% used [0x0000000797600000,0x0000000797600000,0x00000007abb00000)
 ParOldGen       total 1377280K, used 1248276K [0x0000000709000000, 0x000000075d100000, 0x0000000783000000)
  object space 1377280K, 90% used [0x0000000709000000,0x00000007553050e8,0x000000075d100000)
 Metaspace       used 89161K, capacity 90226K, committed 90368K, reserved 1126400K
  class space    used 12710K, capacity 12959K, committed 13056K, reserved 1048576K
}
Event: 234.553 GC heap before
{Heap before GC invocations=83 (full 7):
 PSYoungGen      total 508928K, used 175099K [0x0000000783000000, 0x00000007c0000000, 0x00000007c0000000)
  eden space 333824K, 0% used [0x0000000783000000,0x0000000783000000,0x0000000797600000)
  from space 175104K, 99% used [0x00000007b5500000,0x00000007bfffefa0,0x00000007c0000000)
  to   space 332800K, 0% used [0x0000000797600000,0x0000000797600000,0x00000007abb00000)
 ParOldGen       total 1377280K, used 1248276K [0x0000000709000000, 0x000000075d100000, 0x0000000783000000)
  object space 1377280K, 90% used [0x0000000709000000,0x00000007553050e8,0x000000075d100000)
 Metaspace       used 89161K, capacity 90226K, committed 90368K, reserved 1126400K
  class space    used 12710K, capacity 12959K, committed 13056K, reserved 1048576K

